2018-02-04 17:27:45,450 [main] INFO  com.oneuse.dainbow.accounter.dainbowaccounter.DainbowAccounterApplication - Starting DainbowAccounterApplication on Konstantins-MacBook-Pro.local with PID 4689 (/Users/novokrest/git/my/Dainbow/accounter/build/classes/main started by novokrest in /Users/novokrest/git/my/Dainbow/accounter)
2018-02-04 17:27:45,453 [main] INFO  com.oneuse.dainbow.accounter.dainbowaccounter.DainbowAccounterApplication - No active profile set, falling back to default profiles: default
2018-02-04 17:27:45,501 [main] INFO  org.springframework.boot.context.embedded.AnnotationConfigEmbeddedWebApplicationContext - Refreshing org.springframework.boot.context.embedded.AnnotationConfigEmbeddedWebApplicationContext@15bbf42f: startup date [Sun Feb 04 17:27:45 MSK 2018]; root of context hierarchy
2018-02-04 17:27:45,678 [background-preinit] INFO  org.hibernate.validator.internal.util.Version - HV000001: Hibernate Validator 5.3.6.Final
2018-02-04 17:27:45,880 [main] INFO  org.springframework.beans.factory.support.DefaultListableBeanFactory - Overriding bean definition for bean 'scopedTarget.oauth2ClientContext' with a different definition: replacing [Root bean: class [null]; scope=session; abstract=false; lazyInit=false; autowireMode=3; dependencyCheck=0; autowireCandidate=false; primary=false; factoryBeanName=org.springframework.security.oauth2.config.annotation.web.configuration.OAuth2ClientConfiguration$OAuth2ClientContextConfiguration; factoryMethodName=oauth2ClientContext; initMethodName=null; destroyMethodName=(inferred); defined in org.springframework.security.oauth2.config.annotation.web.configuration.OAuth2ClientConfiguration$OAuth2ClientContextConfiguration] with [Root bean: class [null]; scope=session; abstract=false; lazyInit=false; autowireMode=3; dependencyCheck=0; autowireCandidate=false; primary=false; factoryBeanName=org.springframework.boot.autoconfigure.security.oauth2.client.OAuth2RestOperationsConfiguration$SessionScopedConfiguration$ClientContextConfiguration; factoryMethodName=oauth2ClientContext; initMethodName=null; destroyMethodName=(inferred); defined in class path resource [org/springframework/boot/autoconfigure/security/oauth2/client/OAuth2RestOperationsConfiguration$SessionScopedConfiguration$ClientContextConfiguration.class]]
2018-02-04 17:27:46,390 [main] INFO  org.springframework.boot.context.embedded.tomcat.TomcatEmbeddedServletContainer - Tomcat initialized with port(s): 30005 (http)
2018-02-04 17:27:46,404 [main] INFO  org.apache.catalina.core.StandardService - Starting service [Tomcat]
2018-02-04 17:27:46,405 [main] INFO  org.apache.catalina.core.StandardEngine - Starting Servlet Engine: Apache Tomcat/8.5.27
2018-02-04 17:27:46,478 [localhost-startStop-1] INFO  org.apache.catalina.core.ContainerBase.[Tomcat].[localhost].[/dainbow/accounter] - Initializing Spring embedded WebApplicationContext
2018-02-04 17:27:46,478 [localhost-startStop-1] INFO  org.springframework.web.context.ContextLoader - Root WebApplicationContext: initialization completed in 980 ms
2018-02-04 17:27:46,623 [localhost-startStop-1] INFO  org.springframework.boot.web.servlet.FilterRegistrationBean - Mapping filter: 'characterEncodingFilter' to: [/*]
2018-02-04 17:27:46,623 [localhost-startStop-1] INFO  org.springframework.boot.web.servlet.FilterRegistrationBean - Mapping filter: 'hiddenHttpMethodFilter' to: [/*]
2018-02-04 17:27:46,623 [localhost-startStop-1] INFO  org.springframework.boot.web.servlet.FilterRegistrationBean - Mapping filter: 'httpPutFormContentFilter' to: [/*]
2018-02-04 17:27:46,623 [localhost-startStop-1] INFO  org.springframework.boot.web.servlet.FilterRegistrationBean - Mapping filter: 'OAuth2ClientContextFilter' to: [/*]
2018-02-04 17:27:46,624 [localhost-startStop-1] INFO  org.springframework.boot.web.servlet.FilterRegistrationBean - Mapping filter: 'requestContextFilter' to: [/*]
2018-02-04 17:27:46,625 [localhost-startStop-1] INFO  org.springframework.boot.web.servlet.DelegatingFilterProxyRegistrationBean - Mapping filter: 'springSecurityFilterChain' to: [/*]
2018-02-04 17:27:46,625 [localhost-startStop-1] INFO  org.springframework.boot.web.servlet.FilterRegistrationBean - Mapping filter: 'logFilter' to: [/*]
2018-02-04 17:27:46,625 [localhost-startStop-1] INFO  org.springframework.boot.web.servlet.ServletRegistrationBean - Mapping servlet: 'dispatcherServlet' to [/]
2018-02-04 17:27:46,645 [localhost-startStop-1] DEBUG org.springframework.web.filter.CommonsRequestLoggingFilter - Initializing filter 'logFilter'
2018-02-04 17:27:46,645 [localhost-startStop-1] DEBUG org.springframework.web.filter.CommonsRequestLoggingFilter - Filter 'logFilter' configured successfully
2018-02-04 17:27:46,986 [main] INFO  org.springframework.web.servlet.mvc.method.annotation.RequestMappingHandlerAdapter - Looking for @ControllerAdvice: org.springframework.boot.context.embedded.AnnotationConfigEmbeddedWebApplicationContext@15bbf42f: startup date [Sun Feb 04 17:27:45 MSK 2018]; root of context hierarchy
2018-02-04 17:27:47,035 [main] INFO  org.springframework.web.servlet.mvc.method.annotation.RequestMappingHandlerMapping - Mapped "{[/error],methods=[GET]}" onto public org.springframework.web.servlet.ModelAndView com.oneuse.dainbow.accounter.dainbowaccounter.process.error.ErrorController.renderErrorPage(javax.servlet.http.HttpServletRequest)
2018-02-04 17:27:47,035 [main] INFO  org.springframework.web.servlet.mvc.method.annotation.RequestMappingHandlerMapping - Mapped "{[/lol],methods=[GET]}" onto public java.lang.String com.oneuse.dainbow.accounter.dainbowaccounter.process.error.ErrorController.lol()
2018-02-04 17:27:47,037 [main] INFO  org.springframework.web.servlet.mvc.method.annotation.RequestMappingHandlerMapping - Mapped "{[/error]}" onto public org.springframework.http.ResponseEntity<java.util.Map<java.lang.String, java.lang.Object>> org.springframework.boot.autoconfigure.web.BasicErrorController.error(javax.servlet.http.HttpServletRequest)
2018-02-04 17:27:47,038 [main] INFO  org.springframework.web.servlet.mvc.method.annotation.RequestMappingHandlerMapping - Mapped "{[/error],produces=[text/html]}" onto public org.springframework.web.servlet.ModelAndView org.springframework.boot.autoconfigure.web.BasicErrorController.errorHtml(javax.servlet.http.HttpServletRequest,javax.servlet.http.HttpServletResponse)
2018-02-04 17:27:47,059 [main] INFO  org.springframework.web.servlet.handler.SimpleUrlHandlerMapping - Mapped URL path [/webjars/**] onto handler of type [class org.springframework.web.servlet.resource.ResourceHttpRequestHandler]
2018-02-04 17:27:47,059 [main] INFO  org.springframework.web.servlet.handler.SimpleUrlHandlerMapping - Mapped URL path [/**] onto handler of type [class org.springframework.web.servlet.resource.ResourceHttpRequestHandler]
2018-02-04 17:27:47,073 [main] INFO  org.springframework.web.servlet.mvc.method.annotation.ExceptionHandlerExceptionResolver - Detected @ExceptionHandler methods in globalExceptionHandler
2018-02-04 17:27:47,102 [main] INFO  org.springframework.web.servlet.handler.SimpleUrlHandlerMapping - Mapped URL path [/**/favicon.ico] onto handler of type [class org.springframework.web.servlet.resource.ResourceHttpRequestHandler]
2018-02-04 17:27:47,213 [main] INFO  org.springframework.boot.autoconfigure.security.AuthenticationManagerConfiguration - 

Using default security password: 33d7d835-1d63-4dee-9883-24a15b5d410b

2018-02-04 17:27:47,254 [main] INFO  org.springframework.security.web.DefaultSecurityFilterChain - Creating filter chain: OrRequestMatcher [requestMatchers=[Ant [pattern='/css/**'], Ant [pattern='/js/**'], Ant [pattern='/images/**'], Ant [pattern='/webjars/**'], Ant [pattern='/**/favicon.ico'], Ant [pattern='/error']]], []
2018-02-04 17:27:47,295 [main] INFO  org.springframework.security.web.DefaultSecurityFilterChain - Creating filter chain: Ant [pattern='/**'], [org.springframework.security.web.context.request.async.WebAsyncManagerIntegrationFilter@3baf6936, org.springframework.security.web.context.SecurityContextPersistenceFilter@2459319c, org.springframework.security.web.header.HeaderWriterFilter@3ed03652, org.springframework.security.web.csrf.CsrfFilter@165e389b, org.springframework.security.web.authentication.logout.LogoutFilter@47fbc56, org.springframework.security.oauth2.client.filter.OAuth2ClientAuthenticationProcessingFilter@285f38f6, org.springframework.security.web.savedrequest.RequestCacheAwareFilter@1dc76fa1, org.springframework.security.web.servletapi.SecurityContextHolderAwareRequestFilter@1d0a61c8, org.springframework.security.web.authentication.AnonymousAuthenticationFilter@4e1459ea, org.springframework.security.web.session.SessionManagementFilter@173797f0, org.springframework.security.web.access.ExceptionTranslationFilter@7a34f66a, org.springframework.security.web.access.intercept.FilterSecurityInterceptor@3964d79]
2018-02-04 17:27:47,303 [main] INFO  org.springframework.security.web.DefaultSecurityFilterChain - Creating filter chain: OrRequestMatcher [requestMatchers=[Ant [pattern='/**']]], [org.springframework.security.web.context.request.async.WebAsyncManagerIntegrationFilter@5580d62f, org.springframework.security.web.context.SecurityContextPersistenceFilter@1abfe081, org.springframework.security.web.header.HeaderWriterFilter@6428591a, org.springframework.security.web.authentication.logout.LogoutFilter@1d540566, org.springframework.security.web.authentication.www.BasicAuthenticationFilter@acdcf71, org.springframework.security.web.savedrequest.RequestCacheAwareFilter@2a685eba, org.springframework.security.web.servletapi.SecurityContextHolderAwareRequestFilter@c2e3264, org.springframework.security.web.authentication.AnonymousAuthenticationFilter@16872c4d, org.springframework.security.web.session.SessionManagementFilter@7397c6, org.springframework.security.web.access.ExceptionTranslationFilter@27b2faa6, org.springframework.security.web.access.intercept.FilterSecurityInterceptor@17b6d426]
2018-02-04 17:27:47,375 [main] INFO  org.springframework.jmx.export.annotation.AnnotationMBeanExporter - Registering beans for JMX exposure on startup
2018-02-04 17:27:47,388 [main] INFO  org.apache.coyote.http11.Http11NioProtocol - Initializing ProtocolHandler ["http-nio-30005"]
2018-02-04 17:27:47,398 [main] INFO  org.apache.coyote.http11.Http11NioProtocol - Starting ProtocolHandler ["http-nio-30005"]
2018-02-04 17:27:47,473 [main] INFO  org.apache.tomcat.util.net.NioSelectorPool - Using a shared selector for servlet write/read
2018-02-04 17:27:47,486 [main] INFO  org.springframework.boot.context.embedded.tomcat.TomcatEmbeddedServletContainer - Tomcat started on port(s): 30005 (http)
2018-02-04 17:27:47,489 [main] INFO  com.oneuse.dainbow.accounter.dainbowaccounter.DainbowAccounterApplication - Started DainbowAccounterApplication in 2.278 seconds (JVM running for 2.83)
2018-02-04 17:27:53,428 [http-nio-30005-exec-1] INFO  org.apache.catalina.core.ContainerBase.[Tomcat].[localhost].[/dainbow/accounter] - Initializing Spring FrameworkServlet 'dispatcherServlet'
2018-02-04 17:27:53,428 [http-nio-30005-exec-1] INFO  org.springframework.web.servlet.DispatcherServlet - FrameworkServlet 'dispatcherServlet': initialization started
2018-02-04 17:27:53,443 [http-nio-30005-exec-1] INFO  org.springframework.web.servlet.DispatcherServlet - FrameworkServlet 'dispatcherServlet': initialization completed in 15 ms
2018-02-04 17:27:54,311 [http-nio-30005-exec-4] DEBUG org.springframework.web.filter.CommonsRequestLoggingFilter - Before request [uri=/dainbow/accounter/]
2018-02-04 17:27:54,317 [http-nio-30005-exec-4] DEBUG org.springframework.web.filter.CommonsRequestLoggingFilter - REQUEST DATA : uri=/dainbow/accounter/]
2018-02-04 17:27:54,323 [http-nio-30005-exec-4] INFO  com.oneuse.dainbow.accounter.dainbowaccounter.process.common.GlobalRequestHandlerInterceptor - Request content: path=/dainbow/accounter, content=
2018-02-04 17:30:32,565 [http-nio-30005-exec-10] DEBUG org.springframework.web.filter.CommonsRequestLoggingFilter - Before request [uri=/dainbow/accounter/]
2018-02-04 17:30:32,567 [http-nio-30005-exec-10] DEBUG org.springframework.web.filter.CommonsRequestLoggingFilter - REQUEST DATA : uri=/dainbow/accounter/]
2018-02-04 17:30:32,569 [http-nio-30005-exec-10] INFO  com.oneuse.dainbow.accounter.dainbowaccounter.process.common.GlobalRequestHandlerInterceptor - Request content: path=/dainbow/accounter, content=
2018-02-04 17:30:50,663 [http-nio-30005-exec-2] DEBUG org.springframework.web.filter.CommonsRequestLoggingFilter - Before request [uri=/dainbow/accounter/]
2018-02-04 17:30:50,665 [http-nio-30005-exec-2] DEBUG org.springframework.web.filter.CommonsRequestLoggingFilter - REQUEST DATA : uri=/dainbow/accounter/]
2018-02-04 17:30:50,667 [http-nio-30005-exec-2] INFO  com.oneuse.dainbow.accounter.dainbowaccounter.process.common.GlobalRequestHandlerInterceptor - Request content: path=/dainbow/accounter, content=
2018-02-04 17:31:07,807 [http-nio-30005-exec-3] DEBUG org.springframework.web.filter.CommonsRequestLoggingFilter - Before request [uri=/dainbow/accounter/]
2018-02-04 17:31:07,808 [http-nio-30005-exec-3] DEBUG org.springframework.web.filter.CommonsRequestLoggingFilter - REQUEST DATA : uri=/dainbow/accounter/]
2018-02-04 17:31:07,810 [http-nio-30005-exec-3] INFO  com.oneuse.dainbow.accounter.dainbowaccounter.process.common.GlobalRequestHandlerInterceptor - Request content: path=/dainbow/accounter, content=
2018-02-04 23:28:35,690 [http-nio-30005-exec-9] DEBUG org.springframework.web.filter.CommonsRequestLoggingFilter - Before request [uri=/dainbow/accounter/]
2018-02-04 23:28:35,693 [http-nio-30005-exec-9] DEBUG org.springframework.web.filter.CommonsRequestLoggingFilter - REQUEST DATA : uri=/dainbow/accounter/]
2018-02-04 23:28:35,695 [http-nio-30005-exec-9] INFO  com.oneuse.dainbow.accounter.dainbowaccounter.process.common.GlobalRequestHandlerInterceptor - Request content: path=/dainbow/accounter, content=
